<?xml version="1.0" encoding="UTF-8"?>
<coverage generated="1784941268365" clover="3.2.0">
  <project timestamp="1784941268365" name="All files">
    <metrics statements="26" coveredstatements="23" conditionals="6" coveredconditionals="6" methods="2" coveredmethods="2" elements="34" coveredelements="31" complexity="0" loc="26" ncloc="26" packages="1" files="3" classes="3"/>
    <file name="auth.middleware.ts" path="C:\Users\preet\ai-incident-response-platform\services\api-gateway-express\src\middlewares\auth.middleware.ts">
      <metrics statements="16" coveredstatements="16" conditionals="6" coveredconditionals="6" methods="1" coveredmethods="1"/>
      <line num="2" count="1" type="stmt"/>
      <line num="3" count="1" type="stmt"/>
      <line num="5" count="1" type="stmt"/>
      <line num="10" count="6" type="stmt"/>
      <line num="12" count="6" type="cond" truecount="4" falsecount="0"/>
      <line num="13" count="2" type="stmt"/>
      <line num="14" count="2" type="stmt"/>
      <line num="17" count="4" type="stmt"/>
      <line num="19" count="4" type="stmt"/>
      <line num="20" count="4" type="stmt"/>
      <line num="25" count="2" type="stmt"/>
      <line num="26" count="2" type="stmt"/>
      <line num="27" count="2" type="cond" truecount="2" falsecount="0"/>
      <line num="29" count="2" type="stmt"/>
      <line num="31" count="2" type="stmt"/>
      <line num="32" count="2" type="stmt"/>
    </file>
    <file name="logger.middleware.ts" path="C:\Users\preet\ai-incident-response-platform\services\api-gateway-express\src\middlewares\logger.middleware.ts">
      <metrics statements="7" coveredstatements="7" conditionals="0" coveredconditionals="0" methods="1" coveredmethods="1"/>
      <line num="1" count="1" type="stmt"/>
      <line num="4" count="1" type="stmt"/>
      <line num="9" count="5" type="stmt"/>
      <line num="10" count="5" type="stmt"/>
      <line num="11" count="5" type="stmt"/>
      <line num="12" count="5" type="stmt"/>
      <line num="15" count="1" type="stmt"/>
    </file>
    <file name="rateLimiter.middleware.ts" path="C:\Users\preet\ai-incident-response-platform\services\api-gateway-express\src\middlewares\rateLimiter.middleware.ts">
      <metrics statements="3" coveredstatements="0" conditionals="0" coveredconditionals="0" methods="0" coveredmethods="0"/>
      <line num="1" count="0" type="stmt"/>
      <line num="2" count="0" type="stmt"/>
      <line num="4" count="0" type="stmt"/>
    </file>
  </project>
</coverage>
