{"C:\\Users\\preet\\ai-incident-response-platform\\services\\api-gateway-express\\src\\middlewares\\auth.middleware.ts": {"path":"C:\\Users\\preet\\ai-incident-response-platform\\services\\api-gateway-express\\src\\middlewares\\auth.middleware.ts","statementMap":{"0":{"start":{"line":2,"column":0},"end":{"line":2,"column":30}},"1":{"start":{"line":3,"column":0},"end":{"line":3,"column":35}},"2":{"start":{"line":5,"column":31},"end":{"line":33,"column":1}},"3":{"start":{"line":10,"column":23},"end":{"line":10,"column":48}},"4":{"start":{"line":12,"column":4},"end":{"line":15,"column":5}},"5":{"start":{"line":13,"column":8},"end":{"line":13,"column":null}},"6":{"start":{"line":14,"column":8},"end":{"line":14,"column":14}},"7":{"start":{"line":17,"column":18},"end":{"line":17,"column":42}},"8":{"start":{"line":19,"column":4},"end":{"line":32,"column":5}},"9":{"start":{"line":20,"column":24},"end":{"line":22,"column":null}},"10":{"start":{"line":25,"column":8},"end":{"line":25,"column":null}},"11":{"start":{"line":26,"column":8},"end":{"line":26,"column":null}},"12":{"start":{"line":28,"column":8},"end":{"line":28,"column":null}},"13":{"start":{"line":30,"column":8},"end":{"line":30,"column":null}},"14":{"start":{"line":31,"column":8},"end":{"line":31,"column":14}},"15":{"start":{"line":5,"column":13},"end":{"line":5,"column":31}}},"fnMap":{"0":{"name":"(anonymous_1)","decl":{"start":{"line":5,"column":31},"end":{"line":5,"column":null}},"loc":{"start":{"line":9,"column":10},"end":{"line":33,"column":1}}}},"branchMap":{"0":{"loc":{"start":{"line":12,"column":4},"end":{"line":15,"column":5}},"type":"if","locations":[{"start":{"line":12,"column":4},"end":{"line":15,"column":5}},{"start":{},"end":{}}]},"1":{"loc":{"start":{"line":12,"column":8},"end":{"line":12,"column":56}},"type":"binary-expr","locations":[{"start":{"line":12,"column":8},"end":{"line":12,"column":19}},{"start":{"line":12,"column":23},"end":{"line":12,"column":56}}]}},"s":{"0":1,"1":1,"2":1,"3":6,"4":6,"5":2,"6":2,"7":4,"8":4,"9":4,"10":2,"11":2,"12":2,"13":2,"14":2,"15":1},"f":{"0":6},"b":{"0":[2,4],"1":[6,5]}}
,"C:\\Users\\preet\\ai-incident-response-platform\\services\\api-gateway-express\\src\\middlewares\\logger.middleware.ts": {"path":"C:\\Users\\preet\\ai-incident-response-platform\\services\\api-gateway-express\\src\\middlewares\\logger.middleware.ts","statementMap":{"0":{"start":{"line":1,"column":0},"end":{"line":1,"column":27}},"1":{"start":{"line":4,"column":25},"end":{"line":13,"column":1}},"2":{"start":{"line":9,"column":15},"end":{"line":9,"column":34}},"3":{"start":{"line":10,"column":4},"end":{"line":10,"column":null}},"4":{"start":{"line":11,"column":4},"end":{"line":11,"column":null}},"5":{"start":{"line":12,"column":4},"end":{"line":12,"column":null}},"6":{"start":{"line":4,"column":13},"end":{"line":4,"column":25}},"7":{"start":{"line":15,"column":13},"end":{"line":17,"column":null}}},"fnMap":{"0":{"name":"(anonymous_1)","decl":{"start":{"line":4,"column":25},"end":{"line":4,"column":null}},"loc":{"start":{"line":8,"column":10},"end":{"line":13,"column":1}}}},"branchMap":{},"s":{"0":1,"1":1,"2":5,"3":5,"4":5,"5":5,"6":1,"7":1},"f":{"0":5},"b":{}}
,"C:\\Users\\preet\\ai-incident-response-platform\\services\\api-gateway-express\\src\\middlewares\\rateLimiter.middleware.ts": {"path":"C:\\Users\\preet\\ai-incident-response-platform\\services\\api-gateway-express\\src\\middlewares\\rateLimiter.middleware.ts","statementMap":{"0":{"start":{"line":1,"column":0},"end":{"line":1,"column":42}},"1":{"start":{"line":2,"column":0},"end":{"line":2,"column":35}},"2":{"start":{"line":4,"column":13},"end":{"line":12,"column":null}}},"fnMap":{},"branchMap":{},"s":{"0":0,"1":0,"2":0},"f":{},"b":{}}
}
