TN:
SF:src\middlewares\auth.middleware.ts
FN:5,(anonymous_1)
FNF:1
FNH:1
FNDA:6,(anonymous_1)
DA:2,1
DA:3,1
DA:5,1
DA:10,6
DA:12,6
DA:13,2
DA:14,2
DA:17,4
DA:19,4
DA:20,4
DA:25,2
DA:26,2
DA:28,2
DA:30,2
DA:31,2
LF:15
LH:15
BRDA:12,0,0,2
BRDA:12,0,1,4
BRDA:12,1,0,6
BRDA:12,1,1,5
BRF:4
BRH:4
end_of_record
TN:
SF:src\middlewares\logger.middleware.ts
FN:4,(anonymous_1)
FNF:1
FNH:1
FNDA:5,(anonymous_1)
DA:1,1
DA:4,1
DA:9,5
DA:10,5
DA:11,5
DA:12,5
DA:15,1
LF:7
LH:7
BRF:0
BRH:0
end_of_record
TN:
SF:src\middlewares\rateLimiter.middleware.ts
FNF:0
FNH:0
DA:1,0
DA:2,0
DA:4,0
LF:3
LH:0
BRF:0
BRH:0
end_of_record
