{"C:\\Users\\preet\\ai-incident-response-platform\\services\\auth-service-express\\src\\services\\auth.service.ts": {"path":"C:\\Users\\preet\\ai-incident-response-platform\\services\\auth-service-express\\src\\services\\auth.service.ts","statementMap":{"0":{"start":{"line":1,"column":0},"end":{"line":1,"column":29}},"1":{"start":{"line":3,"column":0},"end":{"line":3,"column":41}},"2":{"start":{"line":20,"column":4},"end":{"line":20,"column":null}},"3":{"start":{"line":29,"column":25},"end":{"line":29,"column":69}},"4":{"start":{"line":30,"column":4},"end":{"line":32,"column":5}},"5":{"start":{"line":31,"column":6},"end":{"line":31,"column":null}},"6":{"start":{"line":34,"column":25},"end":{"line":34,"column":56}},"7":{"start":{"line":36,"column":17},"end":{"line":41,"column":6}},"8":{"start":{"line":43,"column":4},"end":{"line":50,"column":null}},"9":{"start":{"line":15,"column":0},"end":{"line":15,"column":13}}},"fnMap":{"0":{"name":"(anonymous_1)","decl":{"start":{"line":19,"column":2},"end":{"line":19,"column":14}},"loc":{"start":{"line":19,"column":44},"end":{"line":21,"column":3}}},"1":{"name":"(anonymous_2)","decl":{"start":{"line":23,"column":2},"end":{"line":23,"column":7}},"loc":{"start":{"line":26,"column":20},"end":{"line":51,"column":3}}}},"branchMap":{"0":{"loc":{"start":{"line":30,"column":4},"end":{"line":32,"column":5}},"type":"if","locations":[{"start":{"line":30,"column":4},"end":{"line":32,"column":5}},{"start":{},"end":{}}]}},"s":{"0":1,"1":1,"2":3,"3":3,"4":3,"5":1,"6":2,"7":2,"8":2,"9":1},"f":{"0":3,"1":3},"b":{"0":[1,2]}}
}
