TN:
SF:src\controllers\auth.controller.ts
FN:9,(anonymous_0)
FN:13,(anonymous_1)
FN:28,(anonymous_2)
FN:55,(anonymous_3)
FN:77,(anonymous_4)
FN:93,(anonymous_5)
FNF:6
FNH:6
FNDA:15,(anonymous_0)
FNDA:3,(anonymous_1)
FNDA:3,(anonymous_2)
FNDA:3,(anonymous_3)
FNDA:3,(anonymous_4)
FNDA:3,(anonymous_5)
DA:3,1
DA:5,1
DA:10,15
DA:14,3
DA:16,3
DA:17,3
DA:18,1
DA:20,2
DA:21,1
DA:23,1
DA:29,3
DA:31,3
DA:32,3
DA:34,1
DA:41,1
DA:46,2
DA:47,1
DA:49,1
DA:56,3
DA:58,3
DA:59,3
DA:61,1
DA:67,1
DA:69,2
DA:70,1
DA:72,1
DA:78,3
DA:80,3
DA:81,3
DA:83,1
DA:85,2
DA:86,1
DA:88,1
DA:94,3
DA:96,3
DA:97,3
DA:99,1
DA:101,2
DA:102,1
DA:104,1
LF:40
LH:40
BRDA:20,0,0,1
BRDA:20,0,1,1
BRDA:46,1,0,1
BRDA:46,1,1,1
BRDA:69,2,0,1
BRDA:69,2,1,1
BRDA:85,3,0,1
BRDA:85,3,1,1
BRDA:101,4,0,1
BRDA:101,4,1,1
BRF:10
BRH:10
end_of_record
TN:
SF:src\controllers\email-verification.controller.ts
FN:9,(anonymous_0)
FN:13,(anonymous_1)
FN:30,(anonymous_2)
FNF:3
FNH:3
FNDA:6,(anonymous_0)
FNDA:3,(anonymous_1)
FNDA:3,(anonymous_2)
DA:3,1
DA:5,1
DA:10,6
DA:14,3
DA:15,3
DA:17,3
DA:18,3
DA:20,1
DA:22,2
DA:23,1
DA:25,1
DA:31,3
DA:33,3
DA:34,3
DA:36,1
DA:38,2
DA:39,1
DA:41,1
LF:18
LH:18
BRDA:22,0,0,1
BRDA:22,0,1,1
BRDA:38,1,0,1
BRDA:38,1,1,1
BRF:4
BRH:4
end_of_record
TN:
SF:src\controllers\password.controller.ts
FN:9,(anonymous_0)
FN:13,(anonymous_1)
FN:31,(anonymous_2)
FN:49,(anonymous_3)
FNF:4
FNH:4
FNDA:9,(anonymous_0)
FNDA:3,(anonymous_1)
FNDA:3,(anonymous_2)
FNDA:3,(anonymous_3)
DA:3,1
DA:5,1
DA:10,9
DA:14,3
DA:16,3
DA:17,3
DA:19,1
DA:23,2
DA:24,1
DA:26,1
DA:32,3
DA:34,3
DA:35,3
DA:37,1
DA:41,2
DA:42,1
DA:44,1
DA:50,3
DA:51,3
DA:53,3
DA:54,3
DA:56,1
DA:60,2
DA:61,1
DA:63,1
LF:25
LH:25
BRDA:23,0,0,1
BRDA:23,0,1,1
BRDA:41,1,0,1
BRDA:41,1,1,1
BRDA:60,2,0,1
BRDA:60,2,1,1
BRF:6
BRH:6
end_of_record
TN:
SF:src\middlewares\auth.middleware.ts
FN:5,(anonymous_1)
FNF:1
FNH:1
FNDA:5,(anonymous_1)
DA:2,1
DA:3,1
DA:5,1
DA:10,5
DA:12,5
DA:13,2
DA:14,2
DA:17,3
DA:19,3
DA:20,3
DA:25,1
DA:27,1
DA:29,2
DA:30,2
LF:14
LH:14
BRDA:12,0,0,2
BRDA:12,0,1,3
BRDA:12,1,0,5
BRDA:12,1,1,4
BRF:4
BRH:4
end_of_record
TN:
SF:src\services\auth.service.ts
FN:33,(anonymous_1)
FN:37,(anonymous_2)
FN:67,(anonymous_3)
FN:114,(anonymous_4)
FN:122,(anonymous_5)
FN:156,(anonymous_6)
FNF:6
FNH:6
FNDA:14,(anonymous_1)
FNDA:3,(anonymous_2)
FNDA:3,(anonymous_3)
FNDA:2,(anonymous_4)
FNDA:4,(anonymous_5)
FNDA:2,(anonymous_6)
DA:1,2
DA:2,2
DA:3,2
DA:5,2
DA:6,2
DA:29,2
DA:34,14
DA:43,3
DA:44,3
DA:45,1
DA:48,2
DA:50,2
DA:57,2
DA:73,3
DA:74,3
DA:75,1
DA:79,2
DA:80,2
DA:81,1
DA:85,1
DA:92,1
DA:99,1
DA:102,1
DA:115,2
DA:116,1
DA:119,1
DA:125,4
DA:126,4
DA:131,1
DA:135,3
DA:136,3
DA:137,1
DA:141,2
DA:142,2
DA:143,1
DA:147,1
DA:153,1
DA:157,2
DA:158,2
DA:159,1
DA:162,1
LF:41
LH:41
BRDA:44,0,0,1
BRDA:44,0,1,2
BRDA:74,1,0,1
BRDA:74,1,1,2
BRDA:80,2,0,1
BRDA:80,2,1,1
BRDA:115,3,0,1
BRDA:115,3,1,1
BRDA:136,4,0,1
BRDA:136,4,1,2
BRDA:142,5,0,1
BRDA:142,5,1,1
BRDA:158,6,0,1
BRDA:158,6,1,1
BRF:14
BRH:14
end_of_record
TN:
SF:src\services\email-verification.service.ts
FN:9,(anonymous_0)
FN:13,(anonymous_1)
FN:27,(anonymous_2)
FNF:3
FNH:3
FNDA:5,(anonymous_0)
FNDA:2,(anonymous_1)
FNDA:3,(anonymous_2)
DA:2,2
DA:3,2
DA:5,2
DA:10,5
DA:14,2
DA:15,2
DA:16,1
DA:19,1
DA:20,1
DA:22,1
DA:24,1
DA:28,3
DA:29,3
DA:30,1
DA:33,2
DA:34,2
DA:35,1
DA:38,1
DA:39,1
LF:19
LH:19
BRDA:15,0,0,1
BRDA:15,0,1,1
BRDA:29,1,0,1
BRDA:29,1,1,2
BRDA:34,2,0,1
BRDA:34,2,1,1
BRF:6
BRH:6
end_of_record
TN:
SF:src\services\password.service.ts
FN:11,(anonymous_1)
FN:15,(anonymous_2)
FN:31,(anonymous_3)
FN:53,(anonymous_4)
FNF:4
FNH:4
FNDA:9,(anonymous_1)
FNDA:2,(anonymous_2)
FNDA:4,(anonymous_3)
FNDA:3,(anonymous_4)
DA:1,2
DA:3,2
DA:4,2
DA:7,2
DA:12,9
DA:16,2
DA:18,2
DA:19,1
DA:20,1
DA:22,1
DA:25,1
DA:32,4
DA:33,4
DA:34,1
DA:37,3
DA:38,3
DA:39,1
DA:42,2
DA:43,2
DA:44,1
DA:47,1
DA:48,1
DA:49,1
DA:50,1
DA:58,3
DA:59,3
DA:60,1
DA:63,2
DA:64,2
DA:65,1
DA:68,1
DA:69,1
DA:70,1
LF:33
LH:33
BRDA:18,0,0,1
BRDA:18,0,1,1
BRDA:33,1,0,1
BRDA:33,1,1,3
BRDA:38,2,0,1
BRDA:38,2,1,2
BRDA:43,3,0,1
BRDA:43,3,1,1
BRDA:59,4,0,1
BRDA:59,4,1,2
BRDA:64,5,0,1
BRDA:64,5,1,1
BRF:12
BRH:12
end_of_record
TN:
SF:src\utils\errors.ts
FN:4,(anonymous_0)
FN:13,(anonymous_1)
FN:19,(anonymous_2)
FN:25,(anonymous_3)
FN:31,(anonymous_4)
FNF:5
FNH:5
FNDA:26,(anonymous_0)
FNDA:2,(anonymous_1)
FNDA:18,(anonymous_2)
FNDA:4,(anonymous_3)
FNDA:2,(anonymous_4)
DA:1,9
DA:5,26
DA:6,26
DA:7,26
DA:8,26
DA:12,9
DA:14,2
DA:18,9
DA:20,18
DA:24,9
DA:26,4
DA:30,9
DA:32,2
LF:13
LH:13
BRF:0
BRH:0
end_of_record
TN:
SF:src\utils\otp.utils.ts
FN:3,generateOTP
FN:7,hashOTP
FN:11,compareOTP
FNF:3
FNH:3
FNDA:2,generateOTP
FNDA:10,hashOTP
FNDA:4,compareOTP
DA:1,4
DA:3,4
DA:4,2
DA:7,4
DA:8,10
DA:11,4
DA:12,4
DA:13,4
LF:8
LH:8
BRF:0
BRH:0
end_of_record
TN:
SF:src\utils\password.utils.ts
FN:5,hasRepeatingCharacters
FNF:1
FNH:1
FNDA:15,hasRepeatingCharacters
DA:1,2
DA:3,2
DA:5,2
DA:6,15
LF:4
LH:4
BRF:0
BRH:0
end_of_record
TN:
SF:src\validators\auth.validator.ts
FN:33,(anonymous_0)
FNF:1
FNH:1
FNDA:8,(anonymous_0)
DA:1,1
DA:2,1
DA:4,1
DA:34,8
DA:35,1
DA:37,7
DA:42,1
LF:7
LH:7
BRDA:34,0,0,1
BRDA:34,0,1,7
BRF:2
BRH:2
end_of_record
TN:
SF:src\validators\password.validator.ts
FN:42,(anonymous_0)
FN:67,(anonymous_1)
FNF:2
FNH:2
FNDA:4,(anonymous_0)
FNDA:3,(anonymous_1)
DA:1,1
DA:2,1
DA:4,1
DA:14,1
DA:43,4
DA:44,1
DA:46,3
DA:51,1
DA:68,3
DA:69,1
DA:71,2
DA:76,1
LF:12
LH:12
BRDA:43,0,0,1
BRDA:43,0,1,3
BRDA:68,1,0,1
BRDA:68,1,1,2
BRF:4
BRH:4
end_of_record
