TN:
SF:src\services\auth.service.ts
FN:32,(anonymous_1)
FN:36,(anonymous_2)
FN:66,(anonymous_3)
FN:113,(anonymous_4)
FN:121,(anonymous_5)
FN:155,(anonymous_6)
FNF:6
FNH:6
FNDA:14,(anonymous_1)
FNDA:3,(anonymous_2)
FNDA:3,(anonymous_3)
FNDA:2,(anonymous_4)
FNDA:4,(anonymous_5)
FNDA:2,(anonymous_6)
DA:1,1
DA:2,1
DA:3,1
DA:5,1
DA:28,1
DA:33,14
DA:42,3
DA:43,3
DA:44,1
DA:47,2
DA:49,2
DA:56,2
DA:72,3
DA:73,3
DA:74,1
DA:78,2
DA:79,2
DA:80,1
DA:84,1
DA:91,1
DA:98,1
DA:101,1
DA:114,2
DA:115,1
DA:118,1
DA:124,4
DA:125,4
DA:130,1
DA:134,3
DA:135,3
DA:136,1
DA:140,2
DA:141,2
DA:142,1
DA:146,1
DA:152,1
DA:156,2
DA:157,2
DA:158,1
DA:161,1
LF:40
LH:40
BRDA:43,0,0,1
BRDA:43,0,1,2
BRDA:73,1,0,1
BRDA:73,1,1,2
BRDA:79,2,0,1
BRDA:79,2,1,1
BRDA:114,3,0,1
BRDA:114,3,1,1
BRDA:135,4,0,1
BRDA:135,4,1,2
BRDA:141,5,0,1
BRDA:141,5,1,1
BRDA:157,6,0,1
BRDA:157,6,1,1
BRF:14
BRH:14
end_of_record
