<?xml version="1.0" encoding="UTF-8"?>
<coverage generated="1784935298897" clover="3.2.0">
  <project timestamp="1784935298897" name="All files">
    <metrics statements="14" coveredstatements="13" conditionals="4" coveredconditionals="4" methods="7" coveredmethods="6" elements="25" coveredelements="23" complexity="0" loc="14" ncloc="14" packages="1" files="2" classes="2"/>
    <file name="index.ts" path="C:\Users\preet\ai-incident-response-platform\packages\sdk\nodejs\src\index.ts">
      <metrics statements="1" coveredstatements="0" conditionals="0" coveredconditionals="0" methods="1" coveredmethods="0"/>
      <line num="1" count="0" type="stmt"/>
    </file>
    <file name="logger.ts" path="C:\Users\preet\ai-incident-response-platform\packages\sdk\nodejs\src\logger.ts">
      <metrics statements="13" coveredstatements="13" conditionals="4" coveredconditionals="4" methods="6" coveredmethods="6"/>
      <line num="1" count="1" type="stmt"/>
      <line num="9" count="1" type="stmt"/>
      <line num="14" count="10" type="stmt"/>
      <line num="20" count="10" type="stmt"/>
      <line num="35" count="2" type="stmt"/>
      <line num="42" count="1" type="stmt"/>
      <line num="49" count="2" type="stmt"/>
      <line num="56" count="3" type="stmt"/>
      <line num="64" count="8" type="stmt"/>
      <line num="71" count="8" type="stmt"/>
      <line num="72" count="8" type="stmt"/>
      <line num="74" count="2" type="cond" truecount="2" falsecount="0"/>
      <line num="75" count="1" type="stmt"/>
    </file>
  </project>
</coverage>
