{"C:\\Users\\preet\\ai-incident-response-platform\\packages\\sdk\\nodejs\\src\\index.ts": {"path":"C:\\Users\\preet\\ai-incident-response-platform\\packages\\sdk\\nodejs\\src\\index.ts","statementMap":{"0":{"start":{"line":1,"column":0},"end":{"line":1,"column":9}},"1":{"start":{"line":1,"column":9},"end":{"line":1,"column":37}}},"fnMap":{"0":{"name":"(anonymous_0)","decl":{"start":{"line":1,"column":9},"end":{"line":1,"column":19}},"loc":{"start":{"line":1,"column":9},"end":{"line":1,"column":37}}}},"branchMap":{},"s":{"0":0,"1":0},"f":{"0":0},"b":{}}
,"C:\\Users\\preet\\ai-incident-response-platform\\packages\\sdk\\nodejs\\src\\logger.ts": {"path":"C:\\Users\\preet\\ai-incident-response-platform\\packages\\sdk\\nodejs\\src\\logger.ts","statementMap":{"0":{"start":{"line":1,"column":0},"end":{"line":1,"column":44}},"1":{"start":{"line":14,"column":8},"end":{"line":18,"column":null}},"2":{"start":{"line":20,"column":8},"end":{"line":28,"column":null}},"3":{"start":{"line":35,"column":8},"end":{"line":35,"column":null}},"4":{"start":{"line":42,"column":8},"end":{"line":42,"column":null}},"5":{"start":{"line":49,"column":8},"end":{"line":49,"column":null}},"6":{"start":{"line":56,"column":8},"end":{"line":56,"column":null}},"7":{"start":{"line":64,"column":36},"end":{"line":69,"column":null}},"8":{"start":{"line":71,"column":8},"end":{"line":79,"column":9}},"9":{"start":{"line":72,"column":12},"end":{"line":72,"column":null}},"10":{"start":{"line":74,"column":12},"end":{"line":76,"column":13}},"11":{"start":{"line":75,"column":16},"end":{"line":75,"column":null}},"12":{"start":{"line":9,"column":0},"end":{"line":9,"column":13}}},"fnMap":{"0":{"name":"(anonymous_1)","decl":{"start":{"line":13,"column":4},"end":{"line":13,"column":16}},"loc":{"start":{"line":13,"column":40},"end":{"line":29,"column":5}}},"1":{"name":"(anonymous_2)","decl":{"start":{"line":31,"column":4},"end":{"line":31,"column":9}},"loc":{"start":{"line":33,"column":42},"end":{"line":36,"column":5}}},"2":{"name":"(anonymous_3)","decl":{"start":{"line":38,"column":4},"end":{"line":38,"column":9}},"loc":{"start":{"line":40,"column":42},"end":{"line":43,"column":5}}},"3":{"name":"(anonymous_4)","decl":{"start":{"line":45,"column":4},"end":{"line":45,"column":9}},"loc":{"start":{"line":47,"column":42},"end":{"line":50,"column":5}}},"4":{"name":"(anonymous_5)","decl":{"start":{"line":52,"column":4},"end":{"line":52,"column":9}},"loc":{"start":{"line":54,"column":42},"end":{"line":57,"column":5}}},"5":{"name":"(anonymous_6)","decl":{"start":{"line":59,"column":12},"end":{"line":59,"column":17}},"loc":{"start":{"line":62,"column":42},"end":{"line":80,"column":5}}}},"branchMap":{"0":{"loc":{"start":{"line":68,"column":22},"end":{"line":68,"column":36}},"type":"binary-expr","locations":[{"start":{"line":68,"column":22},"end":{"line":68,"column":30}},{"start":{"line":68,"column":34},"end":{"line":68,"column":36}}]},"1":{"loc":{"start":{"line":74,"column":12},"end":{"line":76,"column":13}},"type":"if","locations":[{"start":{"line":74,"column":12},"end":{"line":76,"column":13}},{"start":{},"end":{}}]}},"s":{"0":1,"1":10,"2":10,"3":2,"4":1,"5":2,"6":3,"7":8,"8":8,"9":8,"10":2,"11":1,"12":1},"f":{"0":10,"1":2,"2":1,"3":2,"4":3,"5":8},"b":{"0":[8,5],"1":[1,1]}}
}
