TN:
SF:src\index.ts
FN:1,(anonymous_0)
FNF:1
FNH:0
FNDA:0,(anonymous_0)
DA:1,0
LF:1
LH:0
BRF:0
BRH:0
end_of_record
TN:
SF:src\logger.ts
FN:13,(anonymous_1)
FN:31,(anonymous_2)
FN:38,(anonymous_3)
FN:45,(anonymous_4)
FN:52,(anonymous_5)
FN:59,(anonymous_6)
FNF:6
FNH:6
FNDA:10,(anonymous_1)
FNDA:2,(anonymous_2)
FNDA:1,(anonymous_3)
FNDA:2,(anonymous_4)
FNDA:3,(anonymous_5)
FNDA:8,(anonymous_6)
DA:1,1
DA:9,1
DA:14,10
DA:20,10
DA:35,2
DA:42,1
DA:49,2
DA:56,3
DA:64,8
DA:71,8
DA:72,8
DA:74,2
DA:75,1
LF:13
LH:13
BRDA:68,0,0,8
BRDA:68,0,1,5
BRDA:74,1,0,1
BRDA:74,1,1,1
BRF:4
BRH:4
end_of_record
